#
# There is insufficient memory for the Java Runtime Environment to continue.
# Native memory allocation (malloc) failed to allocate 32744 bytes for ChunkPool::allocate
# Possible reasons:
#   The system is out of physical RAM or swap space
#   In 32 bit mode, the process size limit was hit
# Possible solutions:
#   Reduce memory load on the system
#   Increase physical memory or swap space
#   Check if swap backing store is full
#   Use 64 bit Java on a 64 bit OS
#   Decrease Java heap size (-Xmx/-Xms)
#   Decrease number of Java threads
#   Decrease Java thread stack sizes (-Xss)
#   Set larger code cache with -XX:ReservedCodeCacheSize=
# This output file may be truncated or incomplete.
#
#  Out of Memory Error (allocation.cpp:273), pid=7008, tid=6604
#
# JRE version: Java(TM) SE Runtime Environment (8.0_60-b27) (build 1.8.0_60-b27)
# Java VM: Java HotSpot(TM) 64-Bit Server VM (25.60-b23 mixed mode windows-amd64 compressed oops)
# Failed to write core dump. Minidumps are not enabled by default on client versions of Windows
#

---------------  T H R E A D  ---------------

Current thread (0x0000000001ef1000):  JavaThread "C2 CompilerThread1" daemon [_thread_in_native, id=6604, stack(0x0000000018640000,0x0000000018740000)]

Stack: [0x0000000018640000,0x0000000018740000]
[error occurred during error reporting (printing stack bounds), id 0xc0000005]

Native frames: (J=compiled Java code, j=interpreted, Vv=VM code, C=native code)


Current CompileTask:
C2:   9778  603       4       org.apache.lucene.index.TermInfosReader::get (448 bytes)


---------------  P R O C E S S  ---------------

Java Threads: ( => current thread )
  0x000000001886a800 JavaThread "Service Thread" daemon [_thread_blocked, id=6312, stack(0x0000000018c40000,0x0000000018d40000)]
  0x0000000001ef9800 JavaThread "C1 CompilerThread2" daemon [_thread_blocked, id=3644, stack(0x0000000018740000,0x0000000018840000)]
=>0x0000000001ef1000 JavaThread "C2 CompilerThread1" daemon [_thread_in_native, id=6604, stack(0x0000000018640000,0x0000000018740000)]
  0x0000000001eed800 JavaThread "C2 CompilerThread0" daemon [_thread_blocked, id=6984, stack(0x0000000018540000,0x0000000018640000)]
  0x0000000001eec800 JavaThread "Attach Listener" daemon [_thread_blocked, id=9084, stack(0x0000000018440000,0x0000000018540000)]
  0x0000000001ee9000 JavaThread "Signal Dispatcher" daemon [_thread_blocked, id=10192, stack(0x0000000018340000,0x0000000018440000)]
  0x0000000000ea6000 JavaThread "Finalizer" daemon [_thread_blocked, id=3100, stack(0x0000000018160000,0x0000000018260000)]
  0x0000000000e9d000 JavaThread "Reference Handler" daemon [_thread_blocked, id=9072, stack(0x0000000018060000,0x0000000018160000)]
  0x0000000000db0800 JavaThread "main" [_thread_in_Java, id=7928, stack(0x0000000000cb0000,0x0000000000db0000)]

Other Threads:
  0x0000000001eb7800 VMThread [stack: 0x0000000017f60000,0x0000000018060000] [id=5480]
  0x0000000018885800 WatcherThread [stack: 0x0000000018d40000,0x0000000018e40000] [id=3976]

VM state:not at safepoint (normal execution)

VM Mutex/Monitor currently owned by a thread: None

Heap:
 PSYoungGen      total 567296K, used 486204K [0x00000000d5c00000, 0x00000000fb700000, 0x0000000100000000)
  eden space 527872K, 85% used [0x00000000d5c00000,0x00000000f171aa88,0x00000000f5f80000)
  from space 39424K, 82% used [0x00000000f8980000,0x00000000fa9345c8,0x00000000fb000000)
  to   space 43008K, 0% used [0x00000000f5f80000,0x00000000f5f80000,0x00000000f8980000)
 ParOldGen       total 87552K, used 58764K [0x0000000081400000, 0x0000000086980000, 0x00000000d5c00000)
  object space 87552K, 67% used [0x0000000081400000,0x0000000084d631a8,0x0000000086980000)
 Metaspace       used 4116K, capacity 5438K, committed 5632K, reserved 1056768K
  class space    used 442K, capacity 489K, committed 512K, reserved 1048576K

Card table byte_map: [0x0000000001270000,0x0000000001670000] byte_map_base: 0x0000000000e66000

Marking Bits: (ParMarkBitMap*) 0x0000000053d0a5b0
 Begin Bits: [0x0000000012400000, 0x00000000143b0000)
 End Bits:   [0x00000000143b0000, 0x0000000016360000)

Polling page: 0x0000000000c50000

CodeCache: size=245760Kb used=3186Kb max_used=3208Kb free=242573Kb
 bounds [0x0000000003400000, 0x0000000003730000, 0x0000000012400000]
 total_blobs=858 nmethods=588 adapters=183
 compilation: enabled

Compilation events (10 events):
Event: 9.691 Thread 0x0000000001ef1000 nmethod 598 0x000000000370ed50 code [0x000000000370eea0, 0x000000000370f0d8]
Event: 9.712 Thread 0x0000000001ef9800  599       3       org.apache.lucene.index.TermInfosReader::get (448 bytes)
Event: 9.713 Thread 0x0000000001eed800  600       4       org.apache.lucene.index.SegmentTermEnum::prev (8 bytes)
Event: 9.713 Thread 0x0000000001ef1000  601       4       org.apache.lucene.index.TermInfosReader::ensureIndexIsRead (18 bytes)
Event: 9.714 Thread 0x0000000001ef1000 nmethod 601 0x000000000363e910 code [0x000000000363ea40, 0x000000000363eab8]
Event: 9.714 Thread 0x0000000001ef1000  602       4       org.apache.lucene.index.TermInfosReader$CloneableTerm::<init> (24 bytes)
Event: 9.716 Thread 0x0000000001ef9800 nmethod 599 0x000000000371c210 code [0x000000000371c720, 0x000000000371ff08]
Event: 9.721 Thread 0x0000000001eed800 nmethod 600 0x000000000370e2d0 code [0x000000000370e440, 0x000000000370e938]
Event: 9.721 Thread 0x0000000001ef1000 nmethod 602 0x0000000003707650 code [0x00000000037077c0, 0x0000000003707b98]
Event: 9.724 Thread 0x0000000001ef1000  603       4       org.apache.lucene.index.TermInfosReader::get (448 bytes)

GC Heap History (10 events):
Event: 5.532 GC heap before
{Heap before GC invocations=4 (full 0):
 PSYoungGen      total 71680K, used 71651K [0x00000000d5c00000, 0x00000000de800000, 0x0000000100000000)
  eden space 66560K, 100% used [0x00000000d5c00000,0x00000000d9d00000,0x00000000d9d00000)
  from space 5120K, 99% used [0x00000000d9d00000,0x00000000da1f8fb0,0x00000000da200000)
  to   space 5120K, 0% used [0x00000000de300000,0x00000000de300000,0x00000000de800000)
 ParOldGen       total 87552K, used 15256K [0x0000000081400000, 0x0000000086980000, 0x00000000d5c00000)
  object space 87552K, 17% used [0x0000000081400000,0x00000000822e61a8,0x0000000086980000)
 Metaspace       used 4116K, capacity 5438K, committed 5632K, reserved 1056768K
  class space    used 442K, capacity 489K, committed 512K, reserved 1048576K
Event: 5.603 GC heap after
Heap after GC invocations=4 (full 0):
 PSYoungGen      total 138240K, used 5088K [0x00000000d5c00000, 0x00000000de800000, 0x0000000100000000)
  eden space 133120K, 0% used [0x00000000d5c00000,0x00000000d5c00000,0x00000000dde00000)
  from space 5120K, 99% used [0x00000000de300000,0x00000000de7f8060,0x00000000de800000)
  to   space 5120K, 0% used [0x00000000dde00000,0x00000000dde00000,0x00000000de300000)
 ParOldGen       total 87552K, used 25229K [0x0000000081400000, 0x0000000086980000, 0x00000000d5c00000)
  object space 87552K, 28% used [0x0000000081400000,0x0000000082ca3620,0x0000000086980000)
 Metaspace       used 4116K, capacity 5438K, committed 5632K, reserved 1056768K
  class space    used 442K, capacity 489K, committed 512K, reserved 1048576K
}
Event: 6.410 GC heap before
{Heap before GC invocations=5 (full 0):
 PSYoungGen      total 138240K, used 138208K [0x00000000d5c00000, 0x00000000de800000, 0x0000000100000000)
  eden space 133120K, 100% used [0x00000000d5c00000,0x00000000dde00000,0x00000000dde00000)
  from space 5120K, 99% used [0x00000000de300000,0x00000000de7f8060,0x00000000de800000)
  to   space 5120K, 0% used [0x00000000dde00000,0x00000000dde00000,0x00000000de300000)
 ParOldGen       total 87552K, used 25229K [0x0000000081400000, 0x0000000086980000, 0x00000000d5c00000)
  object space 87552K, 28% used [0x0000000081400000,0x0000000082ca3620,0x0000000086980000)
 Metaspace       used 4116K, capacity 5438K, committed 5632K, reserved 1056768K
  class space    used 442K, capacity 489K, committed 512K, reserved 1048576K
Event: 6.548 GC heap after
Heap after GC invocations=5 (full 0):
 PSYoungGen      total 138240K, used 5088K [0x00000000d5c00000, 0x00000000e9800000, 0x0000000100000000)
  eden space 133120K, 0% used [0x00000000d5c00000,0x00000000d5c00000,0x00000000dde00000)
  from space 5120K, 99% used [0x00000000dde00000,0x00000000de2f8050,0x00000000de300000)
  to   space 28672K, 0% used [0x00000000e7c00000,0x00000000e7c00000,0x00000000e9800000)
 ParOldGen       total 87552K, used 47732K [0x0000000081400000, 0x0000000086980000, 0x00000000d5c00000)
  object space 87552K, 54% used [0x0000000081400000,0x000000008429d188,0x0000000086980000)
 Metaspace       used 4116K, capacity 5438K, committed 5632K, reserved 1056768K
  class space    used 442K, capacity 489K, committed 512K, reserved 1048576K
}
Event: 7.005 GC heap before
{Heap before GC invocations=6 (full 0):
 PSYoungGen      total 138240K, used 138208K [0x00000000d5c00000, 0x00000000e9800000, 0x0000000100000000)
  eden space 133120K, 100% used [0x00000000d5c00000,0x00000000dde00000,0x00000000dde00000)
  from space 5120K, 99% used [0x00000000dde00000,0x00000000de2f8050,0x00000000de300000)
  to   space 28672K, 0% used [0x00000000e7c00000,0x00000000e7c00000,0x00000000e9800000)
 ParOldGen       total 87552K, used 47732K [0x0000000081400000, 0x0000000086980000, 0x00000000d5c00000)
  object space 87552K, 54% used [0x0000000081400000,0x000000008429d188,0x0000000086980000)
 Metaspace       used 4116K, capacity 5438K, committed 5632K, reserved 1056768K
  class space    used 442K, capacity 489K, committed 512K, reserved 1048576K
Event: 7.073 GC heap after
Heap after GC invocations=6 (full 0):
 PSYoungGen      total 294400K, used 19190K [0x00000000d5c00000, 0x00000000e9900000, 0x0000000100000000)
  eden space 265728K, 0% used [0x00000000d5c00000,0x00000000d5c00000,0x00000000e5f80000)
  from space 28672K, 66% used [0x00000000e7c00000,0x00000000e8ebd840,0x00000000e9800000)
  to   space 29184K, 0% used [0x00000000e5f80000,0x00000000e5f80000,0x00000000e7c00000)
 ParOldGen       total 87552K, used 47732K [0x0000000081400000, 0x0000000086980000, 0x00000000d5c00000)
  object space 87552K, 54% used [0x0000000081400000,0x000000008429d188,0x0000000086980000)
 Metaspace       used 4116K, capacity 5438K, committed 5632K, reserved 1056768K
  class space    used 442K, capacity 489K, committed 512K, reserved 1048576K
}
Event: 7.811 GC heap before
{Heap before GC invocations=7 (full 0):
 PSYoungGen      total 294400K, used 284918K [0x00000000d5c00000, 0x00000000e9900000, 0x0000000100000000)
  eden space 265728K, 100% used [0x00000000d5c00000,0x00000000e5f80000,0x00000000e5f80000)
  from space 28672K, 66% used [0x00000000e7c00000,0x00000000e8ebd840,0x00000000e9800000)
  to   space 29184K, 0% used [0x00000000e5f80000,0x00000000e5f80000,0x00000000e7c00000)
 ParOldGen       total 87552K, used 47732K [0x0000000081400000, 0x0000000086980000, 0x00000000d5c00000)
  object space 87552K, 54% used [0x0000000081400000,0x000000008429d188,0x0000000086980000)
 Metaspace       used 4116K, capacity 5438K, committed 5632K, reserved 1056768K
  class space    used 442K, capacity 489K, committed 512K, reserved 1048576K
Event: 7.914 GC heap after
Heap after GC invocations=7 (full 0):
 PSYoungGen      total 294912K, used 29153K [0x00000000d5c00000, 0x00000000fb000000, 0x0000000100000000)
  eden space 265728K, 0% used [0x00000000d5c00000,0x00000000d5c00000,0x00000000e5f80000)
  from space 29184K, 99% used [0x00000000e5f80000,0x00000000e7bf8418,0x00000000e7c00000)
  to   space 39424K, 0% used [0x00000000f8980000,0x00000000f8980000,0x00000000fb000000)
 ParOldGen       total 87552K, used 58468K [0x0000000081400000, 0x0000000086980000, 0x00000000d5c00000)
  object space 87552K, 66% used [0x0000000081400000,0x0000000084d19198,0x0000000086980000)
 Metaspace       used 4116K, capacity 5438K, committed 5632K, reserved 1056768K
  class space    used 442K, capacity 489K, committed 512K, reserved 1048576K
}
Event: 8.550 GC heap before
{Heap before GC invocations=8 (full 0):
 PSYoungGen      total 294912K, used 294881K [0x00000000d5c00000, 0x00000000fb000000, 0x0000000100000000)
  eden space 265728K, 100% used [0x00000000d5c00000,0x00000000e5f80000,0x00000000e5f80000)
  from space 29184K, 99% used [0x00000000e5f80000,0x00000000e7bf8418,0x00000000e7c00000)
  to   space 39424K, 0% used [0x00000000f8980000,0x00000000f8980000,0x00000000fb000000)
 ParOldGen       total 87552K, used 58468K [0x0000000081400000, 0x0000000086980000, 0x00000000d5c00000)
  object space 87552K, 66% used [0x0000000081400000,0x0000000084d19198,0x0000000086980000)
 Metaspace       used 4116K, capacity 5438K, committed 5632K, reserved 1056768K
  class space    used 442K, capacity 489K, committed 512K, reserved 1048576K
Event: 8.645 GC heap after
Heap after GC invocations=8 (full 0):
 PSYoungGen      total 567296K, used 32465K [0x00000000d5c00000, 0x00000000fb700000, 0x0000000100000000)
  eden space 527872K, 0% used [0x00000000d5c00000,0x00000000d5c00000,0x00000000f5f80000)
  from space 39424K, 82% used [0x00000000f8980000,0x00000000fa9345c8,0x00000000fb000000)
  to   space 43008K, 0% used [0x00000000f5f80000,0x00000000f5f80000,0x00000000f8980000)
 ParOldGen       total 87552K, used 58764K [0x0000000081400000, 0x0000000086980000, 0x00000000d5c00000)
  object space 87552K, 67% used [0x0000000081400000,0x0000000084d631a8,0x0000000086980000)
 Metaspace       used 4116K, capacity 5438K, committed 5632K, reserved 1056768K
  class space    used 442K, capacity 489K, committed 512K, reserved 1048576K
}

Deoptimization events (10 events):
Event: 2.930 Thread 0x0000000000db0800 Uncommon trap: reason=unstable_if action=reinterpret pc=0x00000000036334f0 method=java.util.HashMap.putVal(ILjava/lang/Object;Ljava/lang/Object;ZZ)Ljava/lang/Object; @ 181
Event: 2.930 Thread 0x0000000000db0800 Uncommon trap: reason=unstable_if action=reinterpret pc=0x000000000360e1b4 method=java.util.HashMap.getNode(ILjava/lang/Object;)Ljava/util/HashMap$Node; @ 129
Event: 2.931 Thread 0x0000000000db0800 Uncommon trap: reason=unstable_if action=reinterpret pc=0x000000000362772c method=java.util.HashMap.putVal(ILjava/lang/Object;Ljava/lang/Object;ZZ)Ljava/lang/Object; @ 181
Event: 5.022 Thread 0x0000000000db0800 Uncommon trap: reason=class_check action=maybe_recompile pc=0x000000000362099c method=java.util.concurrent.ConcurrentHashMap.putVal(Ljava/lang/Object;Ljava/lang/Object;Z)Ljava/lang/Object; @ 192
Event: 6.687 Thread 0x0000000000db0800 Uncommon trap: reason=class_check action=maybe_recompile pc=0x000000000362099c method=java.util.concurrent.ConcurrentHashMap.putVal(Ljava/lang/Object;Ljava/lang/Object;Z)Ljava/lang/Object; @ 192
Event: 6.714 Thread 0x0000000000db0800 Uncommon trap: reason=class_check action=maybe_recompile pc=0x000000000362099c method=java.util.concurrent.ConcurrentHashMap.putVal(Ljava/lang/Object;Ljava/lang/Object;Z)Ljava/lang/Object; @ 192
Event: 6.847 Thread 0x0000000000db0800 Uncommon trap: reason=class_check action=maybe_recompile pc=0x000000000362099c method=java.util.concurrent.ConcurrentHashMap.putVal(Ljava/lang/Object;Ljava/lang/Object;Z)Ljava/lang/Object; @ 192
Event: 7.103 Thread 0x0000000000db0800 Uncommon trap: reason=unstable_if action=reinterpret pc=0x00000000036e3fcc method=java.util.concurrent.ConcurrentHashMap.replaceNode(Ljava/lang/Object;Ljava/lang/Object;Ljava/lang/Object;)Ljava/lang/Object; @ 136
Event: 7.322 Thread 0x0000000000db0800 Uncommon trap: reason=unstable_if action=reinterpret pc=0x000000000359b838 method=org.apache.lucene.util.UnicodeUtil.UTF8toUTF16([BIILorg/apache/lucene/util/UnicodeUtil$UTF16Result;)V @ 51
Event: 9.712 Thread 0x0000000000db0800 Uncommon trap: reason=unstable_if action=reinterpret pc=0x00000000036c57a8 method=org.apache.lucene.index.TermInfosReader.get(Lorg/apache/lucene/index/Term;ZLorg/apache/lucene/util/BytesRef;)Lorg/apache/lucene/index/TermInfo; @ 181

Internal exceptions (4 events):
Event: 0.168 Thread 0x0000000000db0800 Exception <a 'java/lang/NoSuchMethodError': Method sun.misc.Unsafe.defineClass(Ljava/lang/String;[BII)Ljava/lang/Class; name or signature does not match> (0x00000000d5c0d648) thrown at [C:\re\workspace\8-2-build-windows-amd64-cygwin\jdk8u60\4407\hotspot\sr{t$G|Å?
Event: 0.168 Thread 0x0000000000db0800 Exception <a 'java/lang/NoSuchMethodError': Method sun.misc.Unsafe.prefetchRead(Ljava/lang/Object;J)V name or signature does not match> (0x00000000d5c0d930) thrown at [C:\re\workspace\8-2-build-windows-amd64-cygwin\jdk8u60\4407\hotspot\src\share\vm\prims\j$ä»ÿ…ö?
Event: 1.408 Thread 0x0000000000db0800 Implicit null exception at 0x00000000035a4ca3 to 0x00000000035a4ee5
Event: 1.449 Thread 0x0000000000db0800 Implicit null exception at 0x00000000035b8795 to 0x00000000035b900d

Events (10 events):
Event: 7.322 Thread 0x0000000000db0800 Uncommon trap: trap_request=0xffffff65 fr.pc=0x000000000359b838
Event: 7.322 Thread 0x0000000000db0800 DEOPT PACKING pc=0x000000000359b838 sp=0x0000000000daf590
Event: 7.322 Thread 0x0000000000db0800 DEOPT UNPACKING pc=0x000000000344582a sp=0x0000000000daf500 mode 2
Event: 7.811 Executing VM operation: ParallelGCFailedAllocation
Event: 7.914 Executing VM operation: ParallelGCFailedAllocation done
Event: 8.549 Executing VM operation: ParallelGCFailedAllocation
Event: 8.645 Executing VM operation: ParallelGCFailedAllocation done
Event: 9.712 Thread 0x0000000000db0800 Uncommon trap: trap_request=0xffffff65 fr.pc=0x00000000036c57a8
Event: 9.712 Thread 0x0000000000db0800 DEOPT PACKING pc=0x00000000036c57a8 sp=0x0000000000daf5b0
Event: 9.712 Thread 0x0000000000db0800 DEOPT UNPACKING pc=0x000000000344582a sp=0x0000000000daf5b8 mode 2


Dynamic libraries:
0x00007ff6ad250000 - 0x00007ff6ad287000 	C:\Program Files\Java\jre1.8.0_60\bin\javaw.exe
0x00007ff910c70000 - 0x00007ff910e31000 	C:\WINDOWS\SYSTEM32\ntdll.dll
0x00007ff90ee00000 - 0x00007ff90eead000 	C:\WINDOWS\system32\KERNEL32.DLL
0x00007ff90dbe0000 - 0x00007ff90ddc8000 	C:\WINDOWS\system32\KERNELBASE.dll
0x00007ff90eff0000 - 0x00007ff90f097000 	C:\WINDOWS\system32\ADVAPI32.dll
0x00007ff90e5f0000 - 0x00007ff90e68d000 	C:\WINDOWS\system32\msvcrt.dll
0x00007ff90f300000 - 0x00007ff90f35b000 	C:\WINDOWS\system32\sechost.dll
0x00007ff90e070000 - 0x00007ff90e18c000 	C:\WINDOWS\system32\RPCRT4.dll
0x00007ff90f160000 - 0x00007ff90f2b6000 	C:\WINDOWS\system32\USER32.dll
0x00007ff90ec10000 - 0x00007ff90ed96000 	C:\WINDOWS\system32\GDI32.dll
0x00007ff902ef0000 - 0x00007ff903164000 	C:\WINDOWS\WinSxS\amd64_microsoft.windows.common-controls_6595b64144ccf1df_6.0.10586.0_none_8c15ae12515e1c22\COMCTL32.dll
0x00007ff90e210000 - 0x00007ff90e48d000 	C:\WINDOWS\system32\combase.dll
0x00007ff90ddd0000 - 0x00007ff90de3a000 	C:\WINDOWS\system32\bcryptPrimitives.dll
0x00007ff90f2c0000 - 0x00007ff90f2fb000 	C:\WINDOWS\system32\IMM32.DLL
0x00000000532b0000 - 0x0000000053382000 	C:\Program Files\Java\jre1.8.0_60\bin\msvcr100.dll
0x0000000053500000 - 0x0000000053d89000 	C:\Program Files\Java\jre1.8.0_60\bin\server\jvm.dll
0x00007ff90f700000 - 0x00007ff90f708000 	C:\WINDOWS\system32\PSAPI.DLL
0x00007ff906710000 - 0x00007ff90671a000 	C:\WINDOWS\SYSTEM32\VERSION.dll
0x00007ff90b5c0000 - 0x00007ff90b5e3000 	C:\WINDOWS\SYSTEM32\WINMM.dll
0x00007ff909320000 - 0x00007ff909329000 	C:\WINDOWS\SYSTEM32\WSOCK32.dll
0x00007ff90ef80000 - 0x00007ff90efeb000 	C:\WINDOWS\system32\WS2_32.dll
0x0000000000c20000 - 0x0000000000c4c000 	C:\WINDOWS\SYSTEM32\WINMMBASE.dll
0x00007ff90db70000 - 0x00007ff90dbb3000 	C:\WINDOWS\system32\cfgmgr32.dll
0x0000000054000000 - 0x000000005400f000 	C:\Program Files\Java\jre1.8.0_60\bin\verify.dll
0x0000000053fd0000 - 0x0000000053ff9000 	C:\Program Files\Java\jre1.8.0_60\bin\java.dll
0x0000000053400000 - 0x0000000053416000 	C:\Program Files\Java\jre1.8.0_60\bin\zip.dll
0x00007ff90f710000 - 0x00007ff910c6c000 	C:\WINDOWS\system32\SHELL32.dll
0x00007ff90d320000 - 0x00007ff90d965000 	C:\WINDOWS\system32\windows.storage.dll
0x00007ff90f360000 - 0x00007ff90f3b2000 	C:\WINDOWS\system32\shlwapi.dll
0x00007ff90d310000 - 0x00007ff90d31f000 	C:\WINDOWS\system32\kernel.appcore.dll
0x00007ff90d970000 - 0x00007ff90da25000 	C:\WINDOWS\system32\shcore.dll
0x00007ff90d2a0000 - 0x00007ff90d2eb000 	C:\WINDOWS\system32\powrprof.dll
0x00007ff90d2f0000 - 0x00007ff90d304000 	C:\WINDOWS\system32\profapi.dll
0x00000000533e0000 - 0x00000000533fa000 	C:\Program Files\Java\jre1.8.0_60\bin\net.dll
0x00007ff90cb60000 - 0x00007ff90cbbc000 	C:\WINDOWS\system32\mswsock.dll
0x00000000533c0000 - 0x00000000533d1000 	C:\Program Files\Java\jre1.8.0_60\bin\nio.dll

VM Arguments:
jvm_args: -Dfile.encoding=Cp1252 
java_command: edu.asu.irs13.SearchFiles
java_class_path (initial): C:\Users\Rajagopaalan\Desktop\irs13\bin;C:\Users\Rajagopaalan\Desktop\irs13\lib\lucene-core-3.6.2.jar
Launcher Type: SUN_STANDARD

Environment Variables:
PATH=C:/Program Files/Java/jre1.8.0_60/bin/server;C:/Program Files/Java/jre1.8.0_60/bin;C:/Program Files/Java/jre1.8.0_60/lib/amd64;C:\ProgramData\Oracle\Java\javapath;C:\Program Files (x86)\Intel\iCLS Client\;C:\Program Files\Intel\iCLS Client\;C:\WINDOWS\system32;C:\WINDOWS;C:\WINDOWS\System32\Wbem;C:\WINDOWS\System32\WindowsPowerShell\v1.0\;C:\Program Files\Intel\Intel(R) Management Engine Components\DAL;C:\Program Files (x86)\Intel\Intel(R) Management Engine Components\DAL;C:\Program Files\Intel\Intel(R) Management Engine Components\IPT;C:\Program Files (x86)\Intel\Intel(R) Management Engine Components\IPT;C:\Program Files\Intel\WiFi\bin\;C:\Program Files\Common Files\Intel\WirelessCommon\;C:\Program Files\MATLAB\R2015b\bin;C:\Users\Rajagopaalan\Anaconda;C:\Users\Rajagopaalan\Anaconda\Scripts;C:\Users\Rajagopaalan\Desktop\eclipse-jee-mars-R-win32-x86_64\eclipse;
USERNAME=Rajagopaalan
OS=Windows_NT
PROCESSOR_IDENTIFIER=Intel64 Family 6 Model 61 Stepping 4, GenuineIntel



---------------  S Y S T E M  ---------------

OS: Windows 10.0 , 64 bit Build 10586 (10.0.10586.0)

CPU:total 4 (2 cores per cpu, 2 threads per core) family 6 model 61 stepping 4, cmov, cx8, fxsr, mmx, sse, sse2, sse3, ssse3, sse4.1, sse4.2, popcnt, avx, avx2, aes, clmul, erms, 3dnowpref, lzcnt, ht, tsc, tscinvbit, bmi1, bmi2, adx

Memory: 4k page, physical 8301904k(3253760k free), swap 33467728k(5324k free)

vm_info: Java HotSpot(TM) 64-Bit Server VM (25.60-b23) for windows-amd64 JRE (1.8.0_60-b27), built on Aug  4 2015 11:06:27 by "java_re" with MS VC++ 10.0 (VS2010)

time: Mon Mar 21 14:57:18 2016
elapsed time: 9 seconds (0d 0h 0m 9s)

