#
# There is insufficient memory for the Java Runtime Environment to continue.
# Native memory allocation (malloc) failed to allocate 32744 bytes for ChunkPool::allocate
# Possible reasons:
#   The system is out of physical RAM or swap space
#   In 32 bit mode, the process size limit was hit
# Possible solutions:
#   Reduce memory load on the system
#   Increase physical memory or swap space
#   Check if swap backing store is full
#   Use 64 bit Java on a 64 bit OS
#   Decrease Java heap size (-Xmx/-Xms)
#   Decrease number of Java threads
#   Decrease Java thread stack sizes (-Xss)
#   Set larger code cache with -XX:ReservedCodeCacheSize=
# This output file may be truncated or incomplete.
#
#  Out of Memory Error (allocation.cpp:273), pid=9332, tid=10020
#
# JRE version: Java(TM) SE Runtime Environment (8.0_60-b27) (build 1.8.0_60-b27)
# Java VM: Java HotSpot(TM) 64-Bit Server VM (25.60-b23 mixed mode windows-amd64 compressed oops)
# Failed to write core dump. Minidumps are not enabled by default on client versions of Windows
#

---------------  T H R E A D  ---------------

Current thread (0x0000000001f40800):  JavaThread "C2 CompilerThread1" daemon [_thread_in_native, id=10020, stack(0x0000000018650000,0x0000000018750000)]

Stack: [0x0000000018650000,0x0000000018750000]
[error occurred during error reporting (printing stack bounds), id 0xc0000005]

Native frames: (J=compiled Java code, j=interpreted, Vv=VM code, C=native code)


Current CompileTask:
C2:  17751  628       4       org.apache.lucene.index.TermInfosReader::get (448 bytes)


---------------  P R O C E S S  ---------------

Java Threads: ( => current thread )
  0x0000000018882800 JavaThread "Service Thread" daemon [_thread_blocked, id=10336, stack(0x0000000018c50000,0x0000000018d50000)]
  0x0000000001f49800 JavaThread "C1 CompilerThread2" daemon [_thread_blocked, id=10252, stack(0x0000000018750000,0x0000000018850000)]
=>0x0000000001f40800 JavaThread "C2 CompilerThread1" daemon [_thread_in_native, id=10020, stack(0x0000000018650000,0x0000000018750000)]
  0x0000000001f3c000 JavaThread "C2 CompilerThread0" daemon [_thread_blocked, id=7352, stack(0x0000000018550000,0x0000000018650000)]
  0x0000000001f3a800 JavaThread "Attach Listener" daemon [_thread_blocked, id=10760, stack(0x0000000018450000,0x0000000018550000)]
  0x0000000001f39800 JavaThread "Signal Dispatcher" daemon [_thread_blocked, id=10540, stack(0x0000000018350000,0x0000000018450000)]
  0x0000000000f26000 JavaThread "Finalizer" daemon [_thread_blocked, id=10632, stack(0x0000000018170000,0x0000000018270000)]
  0x0000000000f1d000 JavaThread "Reference Handler" daemon [_thread_blocked, id=6468, stack(0x0000000018070000,0x0000000018170000)]
  0x0000000000e30800 JavaThread "main" [_thread_in_vm, id=11012, stack(0x0000000000c70000,0x0000000000d70000)]

Other Threads:
  0x0000000001f07800 VMThread [stack: 0x0000000017f70000,0x0000000018070000] [id=9440]
  0x0000000018886000 WatcherThread [stack: 0x0000000018d50000,0x0000000018e50000] [id=10368]

VM state:not at safepoint (normal execution)

VM Mutex/Monitor currently owned by a thread: None

Heap:
 PSYoungGen      total 566784K, used 105622K [0x00000000d5c00000, 0x00000000faf00000, 0x0000000100000000)
  eden space 528384K, 19% used [0x00000000d5c00000,0x00000000dc325bf0,0x00000000f6000000)
  from space 38400K, 0% used [0x00000000f6000000,0x00000000f6000000,0x00000000f8580000)
  to   space 34304K, 0% used [0x00000000f8580000,0x00000000f8580000,0x00000000fa700000)
 ParOldGen       total 87552K, used 70961K [0x0000000081400000, 0x0000000086980000, 0x00000000d5c00000)
  object space 87552K, 81% used [0x0000000081400000,0x000000008594c4c8,0x0000000086980000)
 Metaspace       used 4136K, capacity 5438K, committed 5632K, reserved 1056768K
  class space    used 443K, capacity 489K, committed 512K, reserved 1048576K

Card table byte_map: [0x00000000012f0000,0x00000000016f0000] byte_map_base: 0x0000000000ee6000

Marking Bits: (ParMarkBitMap*) 0x000000006a75a5b0
 Begin Bits: [0x0000000012400000, 0x00000000143b0000)
 End Bits:   [0x00000000143b0000, 0x0000000016360000)

Polling page: 0x00000000004f0000

CodeCache: size=245760Kb used=3192Kb max_used=3205Kb free=242567Kb
 bounds [0x0000000003400000, 0x0000000003730000, 0x0000000012400000]
 total_blobs=878 nmethods=608 adapters=183
 compilation: enabled

Compilation events (10 events):
Event: 17.616 Thread 0x0000000001f3c000  624       4       org.apache.lucene.index.SegmentTermEnum::prev (8 bytes)
Event: 17.617 Thread 0x0000000001f40800  625       4       org.apache.lucene.index.TermInfosReader::ensureIndexIsRead (18 bytes)
Event: 17.618 Thread 0x0000000001f40800 nmethod 625 0x00000000036f4210 code [0x00000000036f4340, 0x00000000036f43b8]
Event: 17.618 Thread 0x0000000001f40800  626       4       org.apache.lucene.index.TermInfosReader$CloneableTerm::<init> (24 bytes)
Event: 17.622 Thread 0x0000000001f49800 nmethod 623 0x000000000371cd50 code [0x000000000371d260, 0x0000000003720a48]
Event: 17.631 Thread 0x0000000001f3c000 nmethod 624 0x0000000003716710 code [0x0000000003716880, 0x0000000003716d78]
Event: 17.631 Thread 0x0000000001f3c000  627       4       org.apache.lucene.index.TermInfosReaderIndex::compareTo (25 bytes)
Event: 17.632 Thread 0x0000000001f40800 nmethod 626 0x0000000003722c90 code [0x0000000003722e00, 0x00000000037231d8]
Event: 17.636 Thread 0x0000000001f40800  628       4       org.apache.lucene.index.TermInfosReader::get (448 bytes)
Event: 17.646 Thread 0x0000000001f3c000 nmethod 627 0x00000000037236d0 code [0x0000000003723860, 0x0000000003723d48]

GC Heap History (10 events):
Event: 6.361 GC heap before
{Heap before GC invocations=6 (full 0):
 PSYoungGen      total 138240K, used 138208K [0x00000000d5c00000, 0x00000000e9300000, 0x0000000100000000)
  eden space 133120K, 100% used [0x00000000d5c00000,0x00000000dde00000,0x00000000dde00000)
  from space 5120K, 99% used [0x00000000dde00000,0x00000000de2f8030,0x00000000de300000)
  to   space 26112K, 0% used [0x00000000e7980000,0x00000000e7980000,0x00000000e9300000)
 ParOldGen       total 87552K, used 41286K [0x0000000081400000, 0x0000000086980000, 0x00000000d5c00000)
  object space 87552K, 47% used [0x0000000081400000,0x0000000083c51880,0x0000000086980000)
 Metaspace       used 4136K, capacity 5438K, committed 5632K, reserved 1056768K
  class space    used 443K, capacity 489K, committed 512K, reserved 1048576K
Event: 6.482 GC heap after
Heap after GC invocations=6 (full 0):
 PSYoungGen      total 291328K, used 16278K [0x00000000d5c00000, 0x00000000e9200000, 0x0000000100000000)
  eden space 266240K, 0% used [0x00000000d5c00000,0x00000000d5c00000,0x00000000e6000000)
  from space 25088K, 64% used [0x00000000e7980000,0x00000000e8965820,0x00000000e9200000)
  to   space 25600K, 0% used [0x00000000e6000000,0x00000000e6000000,0x00000000e7900000)
 ParOldGen       total 87552K, used 41286K [0x0000000081400000, 0x0000000086980000, 0x00000000d5c00000)
  object space 87552K, 47% used [0x0000000081400000,0x0000000083c51880,0x0000000086980000)
 Metaspace       used 4136K, capacity 5438K, committed 5632K, reserved 1056768K
  class space    used 443K, capacity 489K, committed 512K, reserved 1048576K
}
Event: 8.322 GC heap before
{Heap before GC invocations=7 (full 0):
 PSYoungGen      total 291328K, used 282518K [0x00000000d5c00000, 0x00000000e9200000, 0x0000000100000000)
  eden space 266240K, 100% used [0x00000000d5c00000,0x00000000e6000000,0x00000000e6000000)
  from space 25088K, 64% used [0x00000000e7980000,0x00000000e8965820,0x00000000e9200000)
  to   space 25600K, 0% used [0x00000000e6000000,0x00000000e6000000,0x00000000e7900000)
 ParOldGen       total 87552K, used 41286K [0x0000000081400000, 0x0000000086980000, 0x00000000d5c00000)
  object space 87552K, 47% used [0x0000000081400000,0x0000000083c51880,0x0000000086980000)
 Metaspace       used 4136K, capacity 5438K, committed 5632K, reserved 1056768K
  class space    used 443K, capacity 489K, committed 512K, reserved 1048576K
Event: 9.044 GC heap after
Heap after GC invocations=7 (full 0):
 PSYoungGen      total 291840K, used 25569K [0x00000000d5c00000, 0x00000000fa700000, 0x0000000100000000)
  eden space 266240K, 0% used [0x00000000d5c00000,0x00000000d5c00000,0x00000000e6000000)
  from space 25600K, 99% used [0x00000000e6000000,0x00000000e78f8408,0x00000000e7900000)
  to   space 34304K, 0% used [0x00000000f8580000,0x00000000f8580000,0x00000000fa700000)
 ParOldGen       total 87552K, used 50142K [0x0000000081400000, 0x0000000086980000, 0x00000000d5c00000)
  object space 87552K, 57% used [0x0000000081400000,0x00000000844f78a0,0x0000000086980000)
 Metaspace       used 4136K, capacity 5438K, committed 5632K, reserved 1056768K
  class space    used 443K, capacity 489K, committed 512K, reserved 1048576K
}
Event: 10.410 GC heap before
{Heap before GC invocations=8 (full 0):
 PSYoungGen      total 291840K, used 291809K [0x00000000d5c00000, 0x00000000fa700000, 0x0000000100000000)
  eden space 266240K, 100% used [0x00000000d5c00000,0x00000000e6000000,0x00000000e6000000)
  from space 25600K, 99% used [0x00000000e6000000,0x00000000e78f8408,0x00000000e7900000)
  to   space 34304K, 0% used [0x00000000f8580000,0x00000000f8580000,0x00000000fa700000)
 ParOldGen       total 87552K, used 50142K [0x0000000081400000, 0x0000000086980000, 0x00000000d5c00000)
  object space 87552K, 57% used [0x0000000081400000,0x00000000844f78a0,0x0000000086980000)
 Metaspace       used 4136K, capacity 5438K, committed 5632K, reserved 1056768K
  class space    used 443K, capacity 489K, committed 512K, reserved 1048576K
Event: 10.605 GC heap after
Heap after GC invocations=8 (full 0):
 PSYoungGen      total 562688K, used 30641K [0x00000000d5c00000, 0x00000000faf00000, 0x0000000100000000)
  eden space 528384K, 0% used [0x00000000d5c00000,0x00000000d5c00000,0x00000000f6000000)
  from space 34304K, 89% used [0x00000000f8580000,0x00000000fa36c5d8,0x00000000fa700000)
  to   space 38400K, 0% used [0x00000000f6000000,0x00000000f6000000,0x00000000f8580000)
 ParOldGen       total 87552K, used 50542K [0x0000000081400000, 0x0000000086980000, 0x00000000d5c00000)
  object space 87552K, 57% used [0x0000000081400000,0x000000008455b8a0,0x0000000086980000)
 Metaspace       used 4136K, capacity 5438K, committed 5632K, reserved 1056768K
  class space    used 443K, capacity 489K, committed 512K, reserved 1048576K
}
Event: 14.893 GC heap before
{Heap before GC invocations=9 (full 0):
 PSYoungGen      total 562688K, used 559025K [0x00000000d5c00000, 0x00000000faf00000, 0x0000000100000000)
  eden space 528384K, 100% used [0x00000000d5c00000,0x00000000f6000000,0x00000000f6000000)
  from space 34304K, 89% used [0x00000000f8580000,0x00000000fa36c5d8,0x00000000fa700000)
  to   space 38400K, 0% used [0x00000000f6000000,0x00000000f6000000,0x00000000f8580000)
 ParOldGen       total 87552K, used 50542K [0x0000000081400000, 0x0000000086980000, 0x00000000d5c00000)
  object space 87552K, 57% used [0x0000000081400000,0x000000008455b8a0,0x0000000086980000)
 Metaspace       used 4136K, capacity 5438K, committed 5632K, reserved 1056768K
  class space    used 443K, capacity 489K, committed 512K, reserved 1048576K
Event: 15.259 GC heap after
Heap after GC invocations=9 (full 0):
 PSYoungGen      total 566784K, used 38378K [0x00000000d5c00000, 0x00000000faf00000, 0x0000000100000000)
  eden space 528384K, 0% used [0x00000000d5c00000,0x00000000d5c00000,0x00000000f6000000)
  from space 38400K, 99% used [0x00000000f6000000,0x00000000f857a828,0x00000000f8580000)
  to   space 34304K, 0% used [0x00000000f8580000,0x00000000f8580000,0x00000000fa700000)
 ParOldGen       total 87552K, used 69878K [0x0000000081400000, 0x0000000086980000, 0x00000000d5c00000)
  object space 87552K, 79% used [0x0000000081400000,0x000000008583d8d0,0x0000000086980000)
 Metaspace       used 4136K, capacity 5438K, committed 5632K, reserved 1056768K
  class space    used 443K, capacity 489K, committed 512K, reserved 1048576K
}
Event: 15.260 GC heap before
{Heap before GC invocations=10 (full 1):
 PSYoungGen      total 566784K, used 38378K [0x00000000d5c00000, 0x00000000faf00000, 0x0000000100000000)
  eden space 528384K, 0% used [0x00000000d5c00000,0x00000000d5c00000,0x00000000f6000000)
  from space 38400K, 99% used [0x00000000f6000000,0x00000000f857a828,0x00000000f8580000)
  to   space 34304K, 0% used [0x00000000f8580000,0x00000000f8580000,0x00000000fa700000)
 ParOldGen       total 87552K, used 69878K [0x0000000081400000, 0x0000000086980000, 0x00000000d5c00000)
  object space 87552K, 79% used [0x0000000081400000,0x000000008583d8d0,0x0000000086980000)
 Metaspace       used 4136K, capacity 5438K, committed 5632K, reserved 1056768K
  class space    used 443K, capacity 489K, committed 512K, reserved 1048576K
Event: 17.082 GC heap after
Heap after GC invocations=10 (full 1):
 PSYoungGen      total 566784K, used 0K [0x00000000d5c00000, 0x00000000faf00000, 0x0000000100000000)
  eden space 528384K, 0% used [0x00000000d5c00000,0x00000000d5c00000,0x00000000f6000000)
  from space 38400K, 0% used [0x00000000f6000000,0x00000000f6000000,0x00000000f8580000)
  to   space 34304K, 0% used [0x00000000f8580000,0x00000000f8580000,0x00000000fa700000)
 ParOldGen       total 87552K, used 70961K [0x0000000081400000, 0x0000000086980000, 0x00000000d5c00000)
  object space 87552K, 81% used [0x0000000081400000,0x000000008594c4c8,0x0000000086980000)
 Metaspace       used 4136K, capacity 5438K, committed 5632K, reserved 1056768K
  class space    used 443K, capacity 489K, committed 512K, reserved 1048576K
}

Deoptimization events (10 events):
Event: 2.344 Thread 0x0000000000e30800 Uncommon trap: reason=unstable_if action=reinterpret pc=0x00000000035fd558 method=java.util.HashMap.getNode(ILjava/lang/Object;)Ljava/util/HashMap$Node; @ 129
Event: 2.344 Thread 0x0000000000e30800 Uncommon trap: reason=unstable_if action=reinterpret pc=0x00000000036252ac method=java.util.HashMap.putVal(ILjava/lang/Object;Ljava/lang/Object;ZZ)Ljava/lang/Object; @ 181
Event: 3.951 Thread 0x0000000000e30800 Uncommon trap: reason=class_check action=maybe_recompile pc=0x000000000362389c method=java.util.concurrent.ConcurrentHashMap.putVal(Ljava/lang/Object;Ljava/lang/Object;Z)Ljava/lang/Object; @ 192
Event: 4.124 Thread 0x0000000000e30800 Uncommon trap: reason=class_check action=maybe_recompile pc=0x000000000362389c method=java.util.concurrent.ConcurrentHashMap.putVal(Ljava/lang/Object;Ljava/lang/Object;Z)Ljava/lang/Object; @ 192
Event: 4.208 Thread 0x0000000000e30800 Uncommon trap: reason=unstable_if action=reinterpret pc=0x0000000003684f8c method=java.util.concurrent.ConcurrentHashMap.replaceNode(Ljava/lang/Object;Ljava/lang/Object;Ljava/lang/Object;)Ljava/lang/Object; @ 136
Event: 6.044 Thread 0x0000000000e30800 Uncommon trap: reason=class_check action=maybe_recompile pc=0x000000000362389c method=java.util.concurrent.ConcurrentHashMap.putVal(Ljava/lang/Object;Ljava/lang/Object;Z)Ljava/lang/Object; @ 192
Event: 6.151 Thread 0x0000000000e30800 Uncommon trap: reason=class_check action=maybe_recompile pc=0x000000000362389c method=java.util.concurrent.ConcurrentHashMap.putVal(Ljava/lang/Object;Ljava/lang/Object;Z)Ljava/lang/Object; @ 192
Event: 6.350 Thread 0x0000000000e30800 Uncommon trap: reason=unstable_if action=reinterpret pc=0x00000000036f6338 method=java.util.concurrent.ConcurrentHashMap.transfer([Ljava/util/concurrent/ConcurrentHashMap$Node;[Ljava/util/concurrent/ConcurrentHashMap$Node;)V @ 356
Event: 7.280 Thread 0x0000000000e30800 Uncommon trap: reason=unstable_if action=reinterpret pc=0x0000000003591778 method=org.apache.lucene.util.UnicodeUtil.UTF8toUTF16([BIILorg/apache/lucene/util/UnicodeUtil$UTF16Result;)V @ 51
Event: 17.613 Thread 0x0000000000e30800 Uncommon trap: reason=unstable_if action=reinterpret pc=0x0000000003643cd4 method=org.apache.lucene.index.TermInfosReader.get(Lorg/apache/lucene/index/Term;ZLorg/apache/lucene/util/BytesRef;)Lorg/apache/lucene/index/TermInfo; @ 181

Internal exceptions (4 events):
Event: 0.112 Thread 0x0000000000e30800 Exception <a 'java/lang/NoSuchMethodError': Method sun.misc.Unsafe.defineClass(Ljava/lang/String;[BII)Ljava/lang/Class; name or signature does not match> (0x00000000d5c0d648) thrown at [C:\re\workspace\8-2-build-windows-amd64-cygwin\jdk8u60\4407\hotspot\sr–j2±Åöº?
Event: 0.112 Thread 0x0000000000e30800 Exception <a 'java/lang/NoSuchMethodError': Method sun.misc.Unsafe.prefetchRead(Ljava/lang/Object;J)V name or signature does not match> (0x00000000d5c0d930) thrown at [C:\re\workspace\8-2-build-windows-amd64-cygwin\jdk8u60\4407\hotspot\src\share\vm\prims\jÉÀÒ}{(Ò?
Event: 1.072 Thread 0x0000000000e30800 Implicit null exception at 0x00000000035a1b23 to 0x00000000035a1d65
Event: 1.113 Thread 0x0000000000e30800 Implicit null exception at 0x00000000035b7415 to 0x00000000035b7c8d

Events (10 events):
Event: 9.044 Executing VM operation: ParallelGCFailedAllocation done
Event: 10.410 Executing VM operation: ParallelGCFailedAllocation
Event: 10.606 Executing VM operation: ParallelGCFailedAllocation done
Event: 12.772 Thread 0x0000000000e30800 DEOPT PACKING pc=0x0000000003700d6d sp=0x0000000000d6efd0
Event: 12.772 Thread 0x0000000000e30800 DEOPT UNPACKING pc=0x000000000344787f sp=0x0000000000d6ed38 mode 0
Event: 14.893 Executing VM operation: ParallelGCFailedAllocation
Event: 17.082 Executing VM operation: ParallelGCFailedAllocation done
Event: 17.613 Thread 0x0000000000e30800 Uncommon trap: trap_request=0xffffff65 fr.pc=0x0000000003643cd4
Event: 17.613 Thread 0x0000000000e30800 DEOPT PACKING pc=0x0000000003643cd4 sp=0x0000000000d6f280
Event: 17.613 Thread 0x0000000000e30800 DEOPT UNPACKING pc=0x000000000344582a sp=0x0000000000d6f288 mode 2


Dynamic libraries:
0x00007ff6a4840000 - 0x00007ff6a4877000 	C:\Program Files\Java\jre1.8.0_60\bin\javaw.exe
0x00007ffabf490000 - 0x00007ffabf651000 	C:\WINDOWS\SYSTEM32\ntdll.dll
0x00007ffabe610000 - 0x00007ffabe6bd000 	C:\WINDOWS\system32\KERNEL32.DLL
0x00007ffabbc90000 - 0x00007ffabbe78000 	C:\WINDOWS\system32\KERNELBASE.dll
0x00007ffabea70000 - 0x00007ffabeb17000 	C:\WINDOWS\system32\ADVAPI32.dll
0x00007ffabe570000 - 0x00007ffabe60d000 	C:\WINDOWS\system32\msvcrt.dll
0x00007ffabea10000 - 0x00007ffabea6b000 	C:\WINDOWS\system32\sechost.dll
0x00007ffabe020000 - 0x00007ffabe13c000 	C:\WINDOWS\system32\RPCRT4.dll
0x00007ffabe820000 - 0x00007ffabe976000 	C:\WINDOWS\system32\USER32.dll
0x00007ffabc8f0000 - 0x00007ffabca76000 	C:\WINDOWS\system32\GDI32.dll
0x00007ffaabcf0000 - 0x00007ffaabf64000 	C:\WINDOWS\WinSxS\amd64_microsoft.windows.common-controls_6595b64144ccf1df_6.0.10586.0_none_8c15ae12515e1c22\COMCTL32.dll
0x00007ffabf210000 - 0x00007ffabf48d000 	C:\WINDOWS\system32\combase.dll
0x00007ffabc710000 - 0x00007ffabc77a000 	C:\WINDOWS\system32\bcryptPrimitives.dll
0x00007ffabca80000 - 0x00007ffabcabb000 	C:\WINDOWS\system32\IMM32.DLL
0x0000000069e20000 - 0x0000000069ef2000 	C:\Program Files\Java\jre1.8.0_60\bin\msvcr100.dll
0x0000000069f50000 - 0x000000006a7d9000 	C:\Program Files\Java\jre1.8.0_60\bin\server\jvm.dll
0x00007ffabeb20000 - 0x00007ffabeb28000 	C:\WINDOWS\system32\PSAPI.DLL
0x00007ffab5bf0000 - 0x00007ffab5bfa000 	C:\WINDOWS\SYSTEM32\VERSION.dll
0x00007ffab9710000 - 0x00007ffab9733000 	C:\WINDOWS\SYSTEM32\WINMM.dll
0x00007ffab9b50000 - 0x00007ffab9b59000 	C:\WINDOWS\SYSTEM32\WSOCK32.dll
0x00007ffab96e0000 - 0x00007ffab970c000 	C:\WINDOWS\SYSTEM32\WINMMBASE.dll
0x00007ffabe9a0000 - 0x00007ffabea0b000 	C:\WINDOWS\system32\WS2_32.dll
0x00007ffabc6a0000 - 0x00007ffabc6e3000 	C:\WINDOWS\system32\cfgmgr32.dll
0x000000006ae80000 - 0x000000006ae8f000 	C:\Program Files\Java\jre1.8.0_60\bin\verify.dll
0x000000006ae50000 - 0x000000006ae79000 	C:\Program Files\Java\jre1.8.0_60\bin\java.dll
0x000000006ae30000 - 0x000000006ae46000 	C:\Program Files\Java\jre1.8.0_60\bin\zip.dll
0x00007ffabcac0000 - 0x00007ffabe01c000 	C:\WINDOWS\system32\SHELL32.dll
0x00007ffabbe80000 - 0x00007ffabc4c5000 	C:\WINDOWS\system32\windows.storage.dll
0x00007ffabeb30000 - 0x00007ffabeb82000 	C:\WINDOWS\system32\shlwapi.dll
0x00007ffabbb20000 - 0x00007ffabbb2f000 	C:\WINDOWS\system32\kernel.appcore.dll
0x00007ffabbbd0000 - 0x00007ffabbc85000 	C:\WINDOWS\system32\shcore.dll
0x00007ffabbad0000 - 0x00007ffabbb1b000 	C:\WINDOWS\system32\powrprof.dll
0x00007ffabbab0000 - 0x00007ffabbac4000 	C:\WINDOWS\system32\profapi.dll
0x000000006aa30000 - 0x000000006aa4a000 	C:\Program Files\Java\jre1.8.0_60\bin\net.dll
0x00007ffabb380000 - 0x00007ffabb3dc000 	C:\WINDOWS\system32\mswsock.dll
0x0000000069f30000 - 0x0000000069f41000 	C:\Program Files\Java\jre1.8.0_60\bin\nio.dll

VM Arguments:
jvm_args: -Dfile.encoding=Cp1252 
java_command: edu.asu.irs13.SearchFiles
java_class_path (initial): C:\Users\Rajagopaalan\Desktop\irs13\bin;C:\Users\Rajagopaalan\Desktop\irs13\lib\lucene-core-3.6.2.jar
Launcher Type: SUN_STANDARD

Environment Variables:
PATH=C:/Program Files/Java/jre1.8.0_60/bin/server;C:/Program Files/Java/jre1.8.0_60/bin;C:/Program Files/Java/jre1.8.0_60/lib/amd64;C:\ProgramData\Oracle\Java\javapath;C:\Program Files (x86)\Intel\iCLS Client\;C:\Program Files\Intel\iCLS Client\;C:\WINDOWS\system32;C:\WINDOWS;C:\WINDOWS\System32\Wbem;C:\WINDOWS\System32\WindowsPowerShell\v1.0\;C:\Program Files\Intel\Intel(R) Management Engine Components\DAL;C:\Program Files (x86)\Intel\Intel(R) Management Engine Components\DAL;C:\Program Files\Intel\Intel(R) Management Engine Components\IPT;C:\Program Files (x86)\Intel\Intel(R) Management Engine Components\IPT;C:\Program Files\Intel\WiFi\bin\;C:\Program Files\Common Files\Intel\WirelessCommon\;C:\Program Files\MATLAB\R2015b\bin;C:\Users\Rajagopaalan\Anaconda;C:\Users\Rajagopaalan\Anaconda\Scripts;C:\Users\Rajagopaalan\Desktop\eclipse-jee-mars-R-win32-x86_64\eclipse;
USERNAME=Rajagopaalan
OS=Windows_NT
PROCESSOR_IDENTIFIER=Intel64 Family 6 Model 61 Stepping 4, GenuineIntel



---------------  S Y S T E M  ---------------

OS: Windows 10.0 , 64 bit Build 10586 (10.0.10586.0)

CPU:total 4 (2 cores per cpu, 2 threads per core) family 6 model 61 stepping 4, cmov, cx8, fxsr, mmx, sse, sse2, sse3, ssse3, sse4.1, sse4.2, popcnt, avx, avx2, aes, clmul, erms, 3dnowpref, lzcnt, ht, tsc, tscinvbit, bmi1, bmi2, adx

Memory: 4k page, physical 8301904k(2551056k free), swap 33467728k(4268k free)

vm_info: Java HotSpot(TM) 64-Bit Server VM (25.60-b23) for windows-amd64 JRE (1.8.0_60-b27), built on Aug  4 2015 11:06:27 by "java_re" with MS VC++ 10.0 (VS2010)

time: Mon Mar 21 01:31:15 2016
elapsed time: 17 seconds (0d 0h 0m 17s)

