#
# There is insufficient memory for the Java Runtime Environment to continue.
# Native memory allocation (malloc) failed to allocate 1329904 bytes for Chunk::new
# Possible reasons:
#   The system is out of physical RAM or swap space
#   In 32 bit mode, the process size limit was hit
# Possible solutions:
#   Reduce memory load on the system
#   Increase physical memory or swap space
#   Check if swap backing store is full
#   Use 64 bit Java on a 64 bit OS
#   Decrease Java heap size (-Xmx/-Xms)
#   Decrease number of Java threads
#   Decrease Java thread stack sizes (-Xss)
#   Set larger code cache with -XX:ReservedCodeCacheSize=
# This output file may be truncated or incomplete.
#
#  Out of Memory Error (allocation.cpp:390), pid=11180, tid=7668
#
# JRE version: Java(TM) SE Runtime Environment (8.0_60-b27) (build 1.8.0_60-b27)
# Java VM: Java HotSpot(TM) 64-Bit Server VM (25.60-b23 mixed mode windows-amd64 compressed oops)
# Failed to write core dump. Minidumps are not enabled by default on client versions of Windows
#

---------------  T H R E A D  ---------------

Current thread (0x0000000001efc000):  JavaThread "C2 CompilerThread0" daemon [_thread_in_native, id=7668, stack(0x0000000018540000,0x0000000018640000)]

Stack: [0x0000000018540000,0x0000000018640000]
[error occurred during error reporting (printing stack bounds), id 0xc0000005]

Native frames: (J=compiled Java code, j=interpreted, Vv=VM code, C=native code)


Current CompileTask:
C2:   4258  558 % !   4       edu.asu.irs13.SearchFiles::main @ 339 (1698 bytes)


---------------  P R O C E S S  ---------------

Java Threads: ( => current thread )
  0x000000001874d000 JavaThread "Service Thread" daemon [_thread_blocked, id=10548, stack(0x0000000018c40000,0x0000000018d40000)]
  0x0000000018748800 JavaThread "C1 CompilerThread2" daemon [_thread_blocked, id=1132, stack(0x0000000018b40000,0x0000000018c40000)]
  0x0000000001f51000 JavaThread "C2 CompilerThread1" daemon [_thread_blocked, id=10228, stack(0x0000000018640000,0x0000000018740000)]
=>0x0000000001efc000 JavaThread "C2 CompilerThread0" daemon [_thread_in_native, id=7668, stack(0x0000000018540000,0x0000000018640000)]
  0x0000000001efa800 JavaThread "Attach Listener" daemon [_thread_blocked, id=10428, stack(0x0000000018440000,0x0000000018540000)]
  0x0000000001ef9800 JavaThread "Signal Dispatcher" daemon [_thread_blocked, id=5952, stack(0x0000000018340000,0x0000000018440000)]
  0x0000000000ee6000 JavaThread "Finalizer" daemon [_thread_blocked, id=11240, stack(0x0000000018160000,0x0000000018260000)]
  0x0000000000edd000 JavaThread "Reference Handler" daemon [_thread_in_Java, id=10192, stack(0x0000000018060000,0x0000000018160000)]
  0x0000000000df0800 JavaThread "main" [_thread_in_Java, id=9516, stack(0x0000000000c20000,0x0000000000d20000)]

Other Threads:
  0x0000000001ec7800 VMThread [stack: 0x0000000017f60000,0x0000000018060000] [id=10756]
  0x0000000018759000 WatcherThread [stack: 0x0000000018d40000,0x0000000018e40000] [id=9988]

VM state:not at safepoint (normal execution)

VM Mutex/Monitor currently owned by a thread: None

Heap:
 PSYoungGen      total 71680K, used 9079K [0x00000000d5c00000, 0x00000000da700000, 0x0000000100000000)
  eden space 66560K, 5% used [0x00000000d5c00000,0x00000000d5fe5f00,0x00000000d9d00000)
  from space 5120K, 99% used [0x00000000d9d00000,0x00000000da1f8090,0x00000000da200000)
  to   space 5120K, 0% used [0x00000000da200000,0x00000000da200000,0x00000000da700000)
 ParOldGen       total 87552K, used 13189K [0x0000000081400000, 0x0000000086980000, 0x00000000d5c00000)
  object space 87552K, 15% used [0x0000000081400000,0x00000000820e1568,0x0000000086980000)
 Metaspace       used 4125K, capacity 5438K, committed 5632K, reserved 1056768K
  class space    used 442K, capacity 489K, committed 512K, reserved 1048576K

Card table byte_map: [0x00000000012b0000,0x00000000016b0000] byte_map_base: 0x0000000000ea6000

Marking Bits: (ParMarkBitMap*) 0x0000000066cca5b0
 Begin Bits: [0x0000000012400000, 0x00000000143b0000)
 End Bits:   [0x00000000143b0000, 0x0000000016360000)

Polling page: 0x0000000000500000

CodeCache: size=245760Kb used=3228Kb max_used=3240Kb free=242531Kb
 bounds [0x0000000003400000, 0x0000000003730000, 0x0000000012400000]
 total_blobs=844 nmethods=574 adapters=183
 compilation: enabled

Compilation events (10 events):
Event: 4.039 Thread 0x0000000018748800  580       3       org.apache.lucene.index.SegmentTermEnum::seek (56 bytes)
Event: 4.040 Thread 0x0000000018748800 nmethod 580 0x0000000003724690 code [0x0000000003724840, 0x0000000003724fa8]
Event: 4.040 Thread 0x0000000018748800  581       3       org.apache.lucene.index.TermInfo::set (33 bytes)
Event: 4.040 Thread 0x0000000018748800 nmethod 581 0x0000000003724310 code [0x0000000003724460, 0x00000000037245d0]
Event: 4.044 Thread 0x0000000018748800  582       3       org.apache.lucene.index.TermInfosReaderIndex::getIndexOffset (95 bytes)
Event: 4.046 Thread 0x0000000018748800 nmethod 582 0x0000000003725f90 code [0x00000000037261c0, 0x0000000003726ee8]
Event: 4.070 Thread 0x0000000018748800  583       3       org.apache.lucene.index.TermInfosReaderIndex::seekEnum (144 bytes)
Event: 4.073 Thread 0x0000000018748800 nmethod 583 0x0000000003727750 code [0x0000000003727a00, 0x0000000003728f48]
Event: 4.235 Thread 0x0000000001f51000  584   !   4       java.lang.ref.ReferenceQueue::enqueue (119 bytes)
Event: 4.242 Thread 0x0000000001f51000 nmethod 584 0x000000000372cb90 code [0x000000000372cce0, 0x000000000372d188]

GC Heap History (6 events):
Event: 2.392 GC heap before
{Heap before GC invocations=1 (full 0):
 PSYoungGen      total 38400K, used 33280K [0x00000000d5c00000, 0x00000000d8680000, 0x0000000100000000)
  eden space 33280K, 100% used [0x00000000d5c00000,0x00000000d7c80000,0x00000000d7c80000)
  from space 5120K, 0% used [0x00000000d8180000,0x00000000d8180000,0x00000000d8680000)
  to   space 5120K, 0% used [0x00000000d7c80000,0x00000000d7c80000,0x00000000d8180000)
 ParOldGen       total 87552K, used 0K [0x0000000081400000, 0x0000000086980000, 0x00000000d5c00000)
  object space 87552K, 0% used [0x0000000081400000,0x0000000081400000,0x0000000086980000)
 Metaspace       used 4056K, capacity 5374K, committed 5632K, reserved 1056768K
  class space    used 442K, capacity 489K, committed 512K, reserved 1048576K
Event: 2.429 GC heap after
Heap after GC invocations=1 (full 0):
 PSYoungGen      total 38400K, used 5104K [0x00000000d5c00000, 0x00000000da700000, 0x0000000100000000)
  eden space 33280K, 0% used [0x00000000d5c00000,0x00000000d5c00000,0x00000000d7c80000)
  from space 5120K, 99% used [0x00000000d7c80000,0x00000000d817c1d0,0x00000000d8180000)
  to   space 5120K, 0% used [0x00000000da200000,0x00000000da200000,0x00000000da700000)
 ParOldGen       total 87552K, used 1850K [0x0000000081400000, 0x0000000086980000, 0x00000000d5c00000)
  object space 87552K, 2% used [0x0000000081400000,0x00000000815ce978,0x0000000086980000)
 Metaspace       used 4056K, capacity 5374K, committed 5632K, reserved 1056768K
  class space    used 442K, capacity 489K, committed 512K, reserved 1048576K
}
Event: 3.379 GC heap before
{Heap before GC invocations=2 (full 0):
 PSYoungGen      total 38400K, used 38384K [0x00000000d5c00000, 0x00000000da700000, 0x0000000100000000)
  eden space 33280K, 100% used [0x00000000d5c00000,0x00000000d7c80000,0x00000000d7c80000)
  from space 5120K, 99% used [0x00000000d7c80000,0x00000000d817c1d0,0x00000000d8180000)
  to   space 5120K, 0% used [0x00000000da200000,0x00000000da200000,0x00000000da700000)
 ParOldGen       total 87552K, used 1850K [0x0000000081400000, 0x0000000086980000, 0x00000000d5c00000)
  object space 87552K, 2% used [0x0000000081400000,0x00000000815ce978,0x0000000086980000)
 Metaspace       used 4107K, capacity 5438K, committed 5632K, reserved 1056768K
  class space    used 442K, capacity 489K, committed 512K, reserved 1048576K
Event: 3.415 GC heap after
Heap after GC invocations=2 (full 0):
 PSYoungGen      total 71680K, used 5104K [0x00000000d5c00000, 0x00000000da700000, 0x0000000100000000)
  eden space 66560K, 0% used [0x00000000d5c00000,0x00000000d5c00000,0x00000000d9d00000)
  from space 5120K, 99% used [0x00000000da200000,0x00000000da6fc090,0x00000000da700000)
  to   space 5120K, 0% used [0x00000000d9d00000,0x00000000d9d00000,0x00000000da200000)
 ParOldGen       total 87552K, used 6322K [0x0000000081400000, 0x0000000086980000, 0x00000000d5c00000)
  object space 87552K, 7% used [0x0000000081400000,0x0000000081a2cbb8,0x0000000086980000)
 Metaspace       used 4107K, capacity 5438K, committed 5632K, reserved 1056768K
  class space    used 442K, capacity 489K, committed 512K, reserved 1048576K
}
Event: 4.128 GC heap before
{Heap before GC invocations=3 (full 0):
 PSYoungGen      total 71680K, used 71664K [0x00000000d5c00000, 0x00000000da700000, 0x0000000100000000)
  eden space 66560K, 100% used [0x00000000d5c00000,0x00000000d9d00000,0x00000000d9d00000)
  from space 5120K, 99% used [0x00000000da200000,0x00000000da6fc090,0x00000000da700000)
  to   space 5120K, 0% used [0x00000000d9d00000,0x00000000d9d00000,0x00000000da200000)
 ParOldGen       total 87552K, used 6322K [0x0000000081400000, 0x0000000086980000, 0x00000000d5c00000)
  object space 87552K, 7% used [0x0000000081400000,0x0000000081a2cbb8,0x0000000086980000)
 Metaspace       used 4125K, capacity 5438K, committed 5632K, reserved 1056768K
  class space    used 442K, capacity 489K, committed 512K, reserved 1048576K
Event: 4.233 GC heap after
Heap after GC invocations=3 (full 0):
 PSYoungGen      total 71680K, used 5088K [0x00000000d5c00000, 0x00000000da700000, 0x0000000100000000)
  eden space 66560K, 0% used [0x00000000d5c00000,0x00000000d5c00000,0x00000000d9d00000)
  from space 5120K, 99% used [0x00000000d9d00000,0x00000000da1f8090,0x00000000da200000)
  to   space 5120K, 0% used [0x00000000da200000,0x00000000da200000,0x00000000da700000)
 ParOldGen       total 87552K, used 13189K [0x0000000081400000, 0x0000000086980000, 0x00000000d5c00000)
  object space 87552K, 15% used [0x0000000081400000,0x00000000820e1568,0x0000000086980000)
 Metaspace       used 4125K, capacity 5438K, committed 5632K, reserved 1056768K
  class space    used 442K, capacity 489K, committed 512K, reserved 1048576K
}

Deoptimization events (10 events):
Event: 1.654 Thread 0x0000000000df0800 Uncommon trap: reason=class_check action=maybe_recompile pc=0x00000000035809dc method=org.apache.lucene.store.DataInput.readVInt()I @ 21
Event: 1.764 Thread 0x0000000000df0800 Uncommon trap: reason=unstable_if action=reinterpret pc=0x00000000035a3c98 method=java.util.HashMap.resize()[Ljava/util/HashMap$Node; @ 180
Event: 1.783 Thread 0x0000000000df0800 Uncommon trap: reason=unstable_if action=reinterpret pc=0x00000000035e98a4 method=java.util.concurrent.ConcurrentHashMap.get(Ljava/lang/Object;)Ljava/lang/Object; @ 118
Event: 1.844 Thread 0x0000000000df0800 Uncommon trap: reason=unstable_if action=reinterpret pc=0x00000000035f55f8 method=org.apache.lucene.util.ArrayUtil.oversize(II)I @ 43
Event: 1.845 Thread 0x0000000000df0800 Uncommon trap: reason=unstable_if action=reinterpret pc=0x00000000035ee480 method=org.apache.lucene.util.ArrayUtil.oversize(II)I @ 43
Event: 1.901 Thread 0x0000000000df0800 Uncommon trap: reason=unstable_if action=reinterpret pc=0x00000000035fc788 method=java.util.HashMap.getNode(ILjava/lang/Object;)Ljava/util/HashMap$Node; @ 62
Event: 2.438 Thread 0x0000000000df0800 Uncommon trap: reason=unstable_if action=reinterpret pc=0x00000000036167a0 method=java.lang.ref.ReferenceQueue.poll()Ljava/lang/ref/Reference; @ 4
Event: 3.093 Thread 0x0000000000df0800 Uncommon trap: reason=unstable_if action=reinterpret pc=0x0000000003631bf0 method=java.util.HashMap.putVal(ILjava/lang/Object;Ljava/lang/Object;ZZ)Ljava/lang/Object; @ 181
Event: 3.093 Thread 0x0000000000df0800 Uncommon trap: reason=unstable_if action=reinterpret pc=0x0000000003601134 method=java.util.HashMap.getNode(ILjava/lang/Object;)Ljava/util/HashMap$Node; @ 129
Event: 3.093 Thread 0x0000000000df0800 Uncommon trap: reason=unstable_if action=reinterpret pc=0x000000000362bd6c method=java.util.HashMap.putVal(ILjava/lang/Object;Ljava/lang/Object;ZZ)Ljava/lang/Object; @ 181

Internal exceptions (4 events):
Event: 0.192 Thread 0x0000000000df0800 Exception <a 'java/lang/NoSuchMethodError': Method sun.misc.Unsafe.defineClass(Ljava/lang/String;[BII)Ljava/lang/Class; name or signature does not match> (0x00000000d5c0d5f8) thrown at [C:\re\workspace\8-2-build-windows-amd64-cygwin\jdk8u60\4407\hotspot\sr∂)πÈ÷ù»?
Event: 0.192 Thread 0x0000000000df0800 Exception <a 'java/lang/NoSuchMethodError': Method sun.misc.Unsafe.prefetchRead(Ljava/lang/Object;J)V name or signature does not match> (0x00000000d5c0d8e0) thrown at [C:\re\workspace\8-2-build-windows-amd64-cygwin\jdk8u60\4407\hotspot\src\share\vm\prims\jj7%ÜŸt˘?
Event: 1.591 Thread 0x0000000000df0800 Implicit null exception at 0x00000000035a0ea3 to 0x00000000035a10e5
Event: 1.628 Thread 0x0000000000df0800 Implicit null exception at 0x00000000035b28d5 to 0x00000000035b3149

Events (10 events):
Event: 3.695 Thread 0x0000000000df0800 DEOPT PACKING pc=0x000000000360b1bb sp=0x0000000000d1efa0
Event: 3.695 Thread 0x0000000000df0800 DEOPT UNPACKING pc=0x000000000344787f sp=0x0000000000d1ed28 mode 0
Event: 3.698 Thread 0x0000000000df0800 DEOPT PACKING pc=0x000000000360b1bb sp=0x0000000000d1efa0
Event: 3.698 Thread 0x0000000000df0800 DEOPT UNPACKING pc=0x000000000344787f sp=0x0000000000d1ed28 mode 0
Event: 3.700 Thread 0x0000000000df0800 DEOPT PACKING pc=0x000000000360b1bb sp=0x0000000000d1efa0
Event: 3.700 Thread 0x0000000000df0800 DEOPT UNPACKING pc=0x000000000344787f sp=0x0000000000d1ed28 mode 0
Event: 4.006 loading class java/util/WeakHashMap$1
Event: 4.007 loading class java/util/WeakHashMap$1 done
Event: 4.128 Executing VM operation: ParallelGCFailedAllocation
Event: 4.233 Executing VM operation: ParallelGCFailedAllocation done


Dynamic libraries:
0x00007ff75f9c0000 - 0x00007ff75f9f7000 	C:\Program Files\Java\jre1.8.0_60\bin\javaw.exe
0x00007ffa91ce0000 - 0x00007ffa91ea1000 	C:\WINDOWS\SYSTEM32\ntdll.dll
0x00007ffa91990000 - 0x00007ffa91a3d000 	C:\WINDOWS\system32\KERNEL32.DLL
0x00007ffa8eab0000 - 0x00007ffa8ec98000 	C:\WINDOWS\system32\KERNELBASE.dll
0x00007ffa91c30000 - 0x00007ffa91cd7000 	C:\WINDOWS\system32\ADVAPI32.dll
0x00007ffa8f4c0000 - 0x00007ffa8f55d000 	C:\WINDOWS\system32\msvcrt.dll
0x00007ffa90300000 - 0x00007ffa9035b000 	C:\WINDOWS\system32\sechost.dll
0x00007ffa8f670000 - 0x00007ffa8f78c000 	C:\WINDOWS\system32\RPCRT4.dll
0x00007ffa8f360000 - 0x00007ffa8f4b6000 	C:\WINDOWS\system32\USER32.dll
0x00007ffa8fa20000 - 0x00007ffa8fba6000 	C:\WINDOWS\system32\GDI32.dll
0x00007ffa8a6d0000 - 0x00007ffa8a944000 	C:\WINDOWS\WinSxS\amd64_microsoft.windows.common-controls_6595b64144ccf1df_6.0.10586.0_none_8c15ae12515e1c22\COMCTL32.dll
0x00007ffa8f0e0000 - 0x00007ffa8f35d000 	C:\WINDOWS\system32\combase.dll
0x00007ffa8e3f0000 - 0x00007ffa8e45a000 	C:\WINDOWS\system32\bcryptPrimitives.dll
0x00007ffa91a40000 - 0x00007ffa91a7b000 	C:\WINDOWS\system32\IMM32.DLL
0x00000000661c0000 - 0x0000000066292000 	C:\Program Files\Java\jre1.8.0_60\bin\msvcr100.dll
0x00000000664c0000 - 0x0000000066d49000 	C:\Program Files\Java\jre1.8.0_60\bin\server\jvm.dll
0x00007ffa902f0000 - 0x00007ffa902f8000 	C:\WINDOWS\system32\PSAPI.DLL
0x00007ffa819a0000 - 0x00007ffa819a9000 	C:\WINDOWS\SYSTEM32\WSOCK32.dll
0x00007ffa90280000 - 0x00007ffa902eb000 	C:\WINDOWS\system32\WS2_32.dll
0x00007ffa8c6f0000 - 0x00007ffa8c713000 	C:\WINDOWS\SYSTEM32\WINMM.dll
0x00007ffa87b50000 - 0x00007ffa87b5a000 	C:\WINDOWS\SYSTEM32\VERSION.dll
0x00007ffa8c4c0000 - 0x00007ffa8c4ec000 	C:\WINDOWS\SYSTEM32\WINMMBASE.dll
0x00007ffa8eca0000 - 0x00007ffa8ece3000 	C:\WINDOWS\system32\cfgmgr32.dll
0x00000000663d0000 - 0x00000000663df000 	C:\Program Files\Java\jre1.8.0_60\bin\verify.dll
0x00000000663a0000 - 0x00000000663c9000 	C:\Program Files\Java\jre1.8.0_60\bin\java.dll
0x0000000066380000 - 0x0000000066396000 	C:\Program Files\Java\jre1.8.0_60\bin\zip.dll
0x00007ffa90430000 - 0x00007ffa9198c000 	C:\WINDOWS\system32\SHELL32.dll
0x00007ffa8e460000 - 0x00007ffa8eaa5000 	C:\WINDOWS\system32\windows.storage.dll
0x00007ffa8f800000 - 0x00007ffa8f852000 	C:\WINDOWS\system32\shlwapi.dll
0x00007ffa8e370000 - 0x00007ffa8e37f000 	C:\WINDOWS\system32\kernel.appcore.dll
0x00007ffa8f020000 - 0x00007ffa8f0d5000 	C:\WINDOWS\system32\shcore.dll
0x00007ffa8e320000 - 0x00007ffa8e36b000 	C:\WINDOWS\system32\powrprof.dll
0x00007ffa8e300000 - 0x00007ffa8e314000 	C:\WINDOWS\system32\profapi.dll
0x0000000066360000 - 0x000000006637a000 	C:\Program Files\Java\jre1.8.0_60\bin\net.dll
0x00007ffa8dbd0000 - 0x00007ffa8dc2c000 	C:\WINDOWS\system32\mswsock.dll
0x0000000066340000 - 0x0000000066351000 	C:\Program Files\Java\jre1.8.0_60\bin\nio.dll

VM Arguments:
jvm_args: -Dfile.encoding=Cp1252 
java_command: edu.asu.irs13.SearchFiles
java_class_path (initial): C:\Users\Rajagopaalan\Desktop\irs13\bin;C:\Users\Rajagopaalan\Desktop\irs13\lib\lucene-core-3.6.2.jar
Launcher Type: SUN_STANDARD

Environment Variables:
PATH=C:/Program Files/Java/jre1.8.0_60/bin/server;C:/Program Files/Java/jre1.8.0_60/bin;C:/Program Files/Java/jre1.8.0_60/lib/amd64;C:\ProgramData\Oracle\Java\javapath;C:\Program Files (x86)\Intel\iCLS Client\;C:\Program Files\Intel\iCLS Client\;C:\WINDOWS\system32;C:\WINDOWS;C:\WINDOWS\System32\Wbem;C:\WINDOWS\System32\WindowsPowerShell\v1.0\;C:\Program Files\Intel\Intel(R) Management Engine Components\DAL;C:\Program Files (x86)\Intel\Intel(R) Management Engine Components\DAL;C:\Program Files\Intel\Intel(R) Management Engine Components\IPT;C:\Program Files (x86)\Intel\Intel(R) Management Engine Components\IPT;C:\Program Files\Intel\WiFi\bin\;C:\Program Files\Common Files\Intel\WirelessCommon\;C:\Program Files\MATLAB\R2015b\bin;C:\Users\Rajagopaalan\Anaconda;C:\Users\Rajagopaalan\Anaconda\Scripts;C:\Users\Rajagopaalan\Desktop;
USERNAME=Rajagopaalan
OS=Windows_NT
PROCESSOR_IDENTIFIER=Intel64 Family 6 Model 61 Stepping 4, GenuineIntel



---------------  S Y S T E M  ---------------

OS: Windows 10.0 , 64 bit Build 10586 (10.0.10586.0)

CPU:total 4 (2 cores per cpu, 2 threads per core) family 6 model 61 stepping 4, cmov, cx8, fxsr, mmx, sse, sse2, sse3, ssse3, sse4.1, sse4.2, popcnt, avx, avx2, aes, clmul, erms, 3dnowpref, lzcnt, ht, tsc, tscinvbit, bmi1, bmi2, adx

Memory: 4k page, physical 8301904k(3361060k free), swap 33467728k(5704k free)

vm_info: Java HotSpot(TM) 64-Bit Server VM (25.60-b23) for windows-amd64 JRE (1.8.0_60-b27), built on Aug  4 2015 11:06:27 by "java_re" with MS VC++ 10.0 (VS2010)

time: Mon Mar 14 20:27:29 2016
elapsed time: 4 seconds (0d 0h 0m 4s)

